<?xml version="1.0" encoding="UTF-8"?>
<testsuite xmlns:xsi="http://www.w3.org/2001/XMLSchema-instance" xsi:noNamespaceSchemaLocation="https://maven.apache.org/surefire/maven-surefire-plugin/xsd/surefire-test-report-3.0.xsd" version="3.0" name="com.videoclub.latestvideoclub.LatestVideoclubApplicationTests" time="12.144" tests="1" errors="0" skipped="0" failures="0">
  <properties>
[...]
</properties>
  <testcase name="contextLoads" classname="com.videoclub.latestvideoclub.LatestVideoclubApplicationTests" time="0.629">
    <system-out><![CDATA[19:10:46.253 [main] INFO org.springframework.test.context.support.AnnotationConfigContextLoaderUtils -- Could not detect default configuration classes for test class [com.videoclub.latestvideoclub.LatestVideoclubApplicationTests]: LatestVideoclubApplicationTests does not declare any static, non-private, non-final, nested classes annotated with @Configuration.
19:10:46.391 [main] INFO org.springframework.boot.test.context.SpringBootTestContextBootstrapper -- Found @SpringBootConfiguration com.videoclub.latestvideoclub.LatestVideoclubApplication for test class com.videoclub.latestvideoclub.LatestVideoclubApplicationTests
19:10:46.620 [main] INFO org.springframework.boot.devtools.restart.RestartApplicationListener -- Restart disabled due to context in which it is running

  .   ____          _            __ _ _
 /\\ / ___'_ __ _ _(_)_ __  __ _ \ \ \ \
( ( )\___ | '_ | '_| | '_ \/ _` | \ \ \ \
 \\/  ___)| |_)| | | | | || (_| |  ) ) ) )
  '  |____| .__|_| |_|_| |_\__, | / / / /
 =========|_|==============|___/=/_/_/_/

 :: Spring Boot ::                (v3.3.1)

2024-08-18T19:10:46.950+02:00  INFO 10672 --- [hr_data] [           main] c.v.l.LatestVideoclubApplicationTests    : Starting LatestVideoclubApplicationTests using Java 17.0.11 with PID 10672 (started by Jesus Castaño in D:\workspaces\latestVideoclub)
2024-08-18T19:10:46.953+02:00  INFO 10672 --- [hr_data] [           main] c.v.l.LatestVideoclubApplicationTests    : No active profile set, falling back to 1 default profile: "default"
2024-08-18T19:10:48.350+02:00  INFO 10672 --- [hr_data] [           main] .s.d.r.c.RepositoryConfigurationDelegate : Bootstrapping Spring Data JPA repositories in DEFAULT mode.
2024-08-18T19:10:48.449+02:00  INFO 10672 --- [hr_data] [           main] .s.d.r.c.RepositoryConfigurationDelegate : Finished Spring Data repository scanning in 83 ms. Found 2 JPA repository interfaces.
2024-08-18T19:10:49.745+02:00  INFO 10672 --- [hr_data] [           main] o.hibernate.jpa.internal.util.LogHelper  : HHH000204: Processing PersistenceUnitInfo [name: default]
2024-08-18T19:10:49.898+02:00  INFO 10672 --- [hr_data] [           main] org.hibernate.Version                    : HHH000412: Hibernate ORM core version 6.5.2.Final
2024-08-18T19:10:49.993+02:00  INFO 10672 --- [hr_data] [           main] o.h.c.internal.RegionFactoryInitiator    : HHH000026: Second-level cache disabled
2024-08-18T19:10:50.688+02:00  INFO 10672 --- [hr_data] [           main] o.s.o.j.p.SpringPersistenceUnitInfo      : No LoadTimeWeaver setup: ignoring JPA class transformer
2024-08-18T19:10:50.723+02:00  INFO 10672 --- [hr_data] [           main] com.zaxxer.hikari.HikariDataSource       : HikariPool-1 - Starting...
2024-08-18T19:10:52.210+02:00  INFO 10672 --- [hr_data] [           main] com.zaxxer.hikari.pool.HikariPool        : HikariPool-1 - Added connection oracle.jdbc.driver.T4CConnection@55682482
2024-08-18T19:10:52.213+02:00  INFO 10672 --- [hr_data] [           main] com.zaxxer.hikari.HikariDataSource       : HikariPool-1 - Start completed.
2024-08-18T19:10:52.363+02:00  WARN 10672 --- [hr_data] [           main] org.hibernate.orm.deprecation            : HHH90000025: OracleDialect does not need to be specified explicitly using 'hibernate.dialect' (remove the property setting and it will be selected by default)
2024-08-18T19:10:53.699+02:00  INFO 10672 --- [hr_data] [           main] o.h.e.t.j.p.i.JtaPlatformInitiator       : HHH000489: No JTA platform available (set 'hibernate.transaction.jta.platform' to enable JTA platform integration)
2024-08-18T19:10:54.974+02:00  INFO 10672 --- [hr_data] [           main] j.LocalContainerEntityManagerFactoryBean : Initialized JPA EntityManagerFactory for persistence unit 'default'
2024-08-18T19:10:55.752+02:00  WARN 10672 --- [hr_data] [           main] JpaBaseConfiguration$JpaWebConfiguration : spring.jpa.open-in-view is enabled by default. Therefore, database queries may be performed during view rendering. Explicitly configure spring.jpa.open-in-view to disable this warning
2024-08-18T19:10:57.456+02:00  INFO 10672 --- [hr_data] [           main] o.s.b.a.e.web.EndpointLinksResolver      : Exposing 1 endpoint beneath base path '/actuator'
2024-08-18T19:10:57.547+02:00  INFO 10672 --- [hr_data] [           main] c.v.l.LatestVideoclubApplicationTests    : Started LatestVideoclubApplicationTests in 10.945 seconds (process running for 12.554)
]]></system-out>
  </testcase>
</testsuite>